Determining if the pthread_create exist failed with the following output:
Change Dir: /home/workspace/catkin_ws/build/CMakeFiles/CMakeTmp

Run Build Command:"/usr/bin/make" "cmTC_a4d18/fast"
/usr/bin/make -f CMakeFiles/cmTC_a4d18.dir/build.make CMakeFiles/cmTC_a4d18.dir/build
make[1]: Entering directory '/home/workspace/catkin_ws/build/CMakeFiles/CMakeTmp'
Building C object CMakeFiles/cmTC_a4d18.dir/CheckSymbolExists.c.o
/usr/bin/cc    -o CMakeFiles/cmTC_a4d18.dir/CheckSymbolExists.c.o   -c /home/workspace/catkin_ws/build/CMakeFiles/CMakeTmp/CheckSymbolExists.c
Linking C executable cmTC_a4d18
/usr/local/bin/cmake -E cmake_link_script CMakeFiles/cmTC_a4d18.dir/link.txt --verbose=1
/usr/bin/cc      -rdynamic CMakeFiles/cmTC_a4d18.dir/CheckSymbolExists.c.o  -o cmTC_a4d18 
CMakeFiles/cmTC_a4d18.dir/CheckSymbolExists.c.o: In function `main':
CheckSymbolExists.c:(.text+0x16): undefined reference to `pthread_create'
collect2: error: ld returned 1 exit status
CMakeFiles/cmTC_a4d18.dir/build.make:86: recipe for target 'cmTC_a4d18' failed
make[1]: *** [cmTC_a4d18] Error 1
make[1]: Leaving directory '/home/workspace/catkin_ws/build/CMakeFiles/CMakeTmp'
Makefile:121: recipe for target 'cmTC_a4d18/fast' failed
make: *** [cmTC_a4d18/fast] Error 2

File /home/workspace/catkin_ws/build/CMakeFiles/CMakeTmp/CheckSymbolExists.c:
/* */
#include <pthread.h>

int main(int argc, char** argv)
{
  (void)argv;
#ifndef pthread_create
  return ((int*)(&pthread_create))[argc];
#else
  (void)argc;
  return 0;
#endif
}

Determining if the function pthread_create exists in the pthreads failed with the following output:
Change Dir: /home/workspace/catkin_ws/build/CMakeFiles/CMakeTmp

Run Build Command:"/usr/bin/make" "cmTC_d77eb/fast"
/usr/bin/make -f CMakeFiles/cmTC_d77eb.dir/build.make CMakeFiles/cmTC_d77eb.dir/build
make[1]: Entering directory '/home/workspace/catkin_ws/build/CMakeFiles/CMakeTmp'
Building C object CMakeFiles/cmTC_d77eb.dir/CheckFunctionExists.c.o
/usr/bin/cc   -DCHECK_FUNCTION_EXISTS=pthread_create   -o CMakeFiles/cmTC_d77eb.dir/CheckFunctionExists.c.o   -c /usr/local/share/cmake-3.13/Modules/CheckFunctionExists.c
Linking C executable cmTC_d77eb
/usr/local/bin/cmake -E cmake_link_script CMakeFiles/cmTC_d77eb.dir/link.txt --verbose=1
/usr/bin/cc  -DCHECK_FUNCTION_EXISTS=pthread_create    -rdynamic CMakeFiles/cmTC_d77eb.dir/CheckFunctionExists.c.o  -o cmTC_d77eb -lpthreads 
/usr/bin/ld: cannot find -lpthreads
collect2: error: ld returned 1 exit status
CMakeFiles/cmTC_d77eb.dir/build.make:86: recipe for target 'cmTC_d77eb' failed
make[1]: *** [cmTC_d77eb] Error 1
make[1]: Leaving directory '/home/workspace/catkin_ws/build/CMakeFiles/CMakeTmp'
Makefile:121: recipe for target 'cmTC_d77eb/fast' failed
make: *** [cmTC_d77eb/fast] Error 2


